mode: atomic
github.com/UnitVectorY-Labs/tofu-template-tester/main.go:29.13,31.39 1 0
github.com/UnitVectorY-Labs/tofu-template-tester/main.go:31.39,32.42 1 0
github.com/UnitVectorY-Labs/tofu-template-tester/main.go:32.42,33.61 1 0
github.com/UnitVectorY-Labs/tofu-template-tester/main.go:33.61,35.5 1 0
github.com/UnitVectorY-Labs/tofu-template-tester/main.go:39.2,43.18 3 0
github.com/UnitVectorY-Labs/tofu-template-tester/main.go:43.18,46.3 2 0
github.com/UnitVectorY-Labs/tofu-template-tester/main.go:48.2,49.16 2 0
github.com/UnitVectorY-Labs/tofu-template-tester/main.go:49.16,51.3 1 0
github.com/UnitVectorY-Labs/tofu-template-tester/main.go:54.2,54.15 1 0
github.com/UnitVectorY-Labs/tofu-template-tester/main.go:54.15,56.27 2 0
github.com/UnitVectorY-Labs/tofu-template-tester/main.go:56.27,58.4 1 0
github.com/UnitVectorY-Labs/tofu-template-tester/main.go:59.3,59.9 1 0
github.com/UnitVectorY-Labs/tofu-template-tester/main.go:63.2,64.22 2 0
github.com/UnitVectorY-Labs/tofu-template-tester/main.go:64.22,66.17 2 0
github.com/UnitVectorY-Labs/tofu-template-tester/main.go:66.17,68.4 1 0
github.com/UnitVectorY-Labs/tofu-template-tester/main.go:72.2,72.22 1 0
github.com/UnitVectorY-Labs/tofu-template-tester/main.go:72.22,74.3 1 0
github.com/UnitVectorY-Labs/tofu-template-tester/main.go:77.2,78.16 2 0
github.com/UnitVectorY-Labs/tofu-template-tester/main.go:78.16,80.3 1 0
github.com/UnitVectorY-Labs/tofu-template-tester/main.go:83.2,83.54 1 0
github.com/UnitVectorY-Labs/tofu-template-tester/main.go:83.54,85.3 1 0
github.com/UnitVectorY-Labs/tofu-template-tester/main.go:88.45,90.16 2 0
github.com/UnitVectorY-Labs/tofu-template-tester/main.go:90.16,92.3 1 0
github.com/UnitVectorY-Labs/tofu-template-tester/main.go:92.8,94.17 2 0
github.com/UnitVectorY-Labs/tofu-template-tester/main.go:94.17,96.4 1 0
github.com/UnitVectorY-Labs/tofu-template-tester/main.go:97.3,98.13 2 0
github.com/UnitVectorY-Labs/tofu-template-tester/main.go:100.2,101.23 2 0
github.com/UnitVectorY-Labs/tofu-template-tester/main.go:104.43,107.28 3 1
github.com/UnitVectorY-Labs/tofu-template-tester/main.go:107.28,109.3 1 3
github.com/UnitVectorY-Labs/tofu-template-tester/main.go:110.2,111.21 2 1
github.com/UnitVectorY-Labs/tofu-template-tester/main.go:111.21,113.3 1 2
github.com/UnitVectorY-Labs/tofu-template-tester/main.go:114.2,115.13 2 1
github.com/UnitVectorY-Labs/tofu-template-tester/main.go:118.61,120.16 2 2
github.com/UnitVectorY-Labs/tofu-template-tester/main.go:120.16,122.3 1 0
github.com/UnitVectorY-Labs/tofu-template-tester/main.go:123.2,127.21 4 2
github.com/UnitVectorY-Labs/tofu-template-tester/main.go:127.21,129.68 2 5
github.com/UnitVectorY-Labs/tofu-template-tester/main.go:129.68,130.12 1 2
github.com/UnitVectorY-Labs/tofu-template-tester/main.go:132.3,133.22 2 3
github.com/UnitVectorY-Labs/tofu-template-tester/main.go:133.22,135.4 1 1
github.com/UnitVectorY-Labs/tofu-template-tester/main.go:136.3,136.67 1 2
github.com/UnitVectorY-Labs/tofu-template-tester/main.go:138.2,138.29 1 1
github.com/UnitVectorY-Labs/tofu-template-tester/main.go:141.81,143.25 2 0
github.com/UnitVectorY-Labs/tofu-template-tester/main.go:143.25,144.32 1 0
github.com/UnitVectorY-Labs/tofu-template-tester/main.go:144.32,146.17 2 0
github.com/UnitVectorY-Labs/tofu-template-tester/main.go:146.17,148.5 1 0
github.com/UnitVectorY-Labs/tofu-template-tester/main.go:149.4,149.26 1 0
github.com/UnitVectorY-Labs/tofu-template-tester/main.go:152.2,152.17 1 0
github.com/UnitVectorY-Labs/tofu-template-tester/main.go:155.76,156.68 1 1
github.com/UnitVectorY-Labs/tofu-template-tester/main.go:156.68,159.10 3 2
github.com/UnitVectorY-Labs/tofu-template-tester/main.go:159.10,161.4 1 0
github.com/UnitVectorY-Labs/tofu-template-tester/main.go:162.3,162.13 1 2
github.com/UnitVectorY-Labs/tofu-template-tester/main.go:166.45,168.16 2 0
github.com/UnitVectorY-Labs/tofu-template-tester/main.go:168.16,170.3 1 0
github.com/UnitVectorY-Labs/tofu-template-tester/main.go:170.8,172.17 2 0
github.com/UnitVectorY-Labs/tofu-template-tester/main.go:172.17,174.4 1 0
github.com/UnitVectorY-Labs/tofu-template-tester/main.go:175.3,176.13 2 0
github.com/UnitVectorY-Labs/tofu-template-tester/main.go:178.2,179.12 2 0
github.com/UnitVectorY-Labs/tofu-template-tester/main.go:182.25,185.2 2 0
